<?xml version="1.0" encoding="UTF-8"?>
<!-- Generated by org.testng.reporters.JUnitReportReporter -->
<testsuite hostname="DESKTOP-UORPQ5J" failures="0" tests="1" name="test.SignupTest" time="8.121" errors="0" timestamp="2025-10-28T15:02:34 PKT" skipped="0">
  <testcase classname="test.SignupTest" name="signupWithOtp" time="8.121"/>
</testsuite> <!-- test.SignupTest -->
